hubberBot v2.0 log-file
---------------------------------------------------

[object Promise]: ERROR - [> Error: Command failed: tesseract "/home/vinny/wa/whatsapp-bot/media/EE593C9F72DE76448ADBDA683D666E35.jpeg" stdout -l por
Error opening data file /usr/share/tesseract-ocr/5/tessdata/por.traineddata
Please make sure the TESSDATA_PREFIX environment variable is set to your "tessdata" directory.
Failed loading language 'por'
Tesseract couldn't load any languages!
Could not initialize tesseract.
 <] "Teste Bot" ➜ extractText()
2024.010.26 14.00.17: INFO - [log] ➜ Vinícius Bruno 🤓 Scanneou uma imagem...
[object Promise]: ERROR - [> Error: Command failed: tesseract "/home/vinny/wa/whatsapp-bot/media/89D32B9FD03DE17C7E5E293592BF0BDC.jpeg" stdout -l por
Error opening data file /usr/share/tesseract-ocr/5/tessdata/por.traineddata
Please make sure the TESSDATA_PREFIX environment variable is set to your "tessdata" directory.
Failed loading language 'por'
Tesseract couldn't load any languages!
Could not initialize tesseract.
 <] "Teste Bot" ➜ extractText()
2024.010.26 14.00.37: INFO - [log] ➜ Vinícius Bruno 🤓 Scanneou uma imagem...
[object Promise]: ERROR - [> Error: No video id found: ttps://youtu.be/M-wjSr0eDoE?si=THePt8uAk-PipEQq <] "Teste Bot" ➜ downloadYt()
2024.010.26 14.04.59: INFO - [log] ➜ Vinícius Bruno 🤓 Baixou ttps://youtu.be/M-wjSr0eDoE?si=THePt8uAk-PipEQq...
2024.010.26 14.25.38: INFO - [log] ➜ ~ gerou uma figurinha com imagem...
2024.010.26 20.40.21: INFO - [log] ➜ Lucas gerou uma figurinha com video...
2024.010.27 15.25.04: INFO - [log] ➜ Lucas gerou uma figurinha com vídeo...
2024.010.27 16.23.48: INFO - [log] ➜ ~ gerou uma figurinha com imagem...
2024.010.27 21.46.00: INFO - [log] ➜ Maryana Lauriano Solicitou o help...
2024.010.27 21.46.15: INFO - [log] ➜ Maryana Lauriano Solicitou o help...
[object Promise]: ERROR - [> Error: Request failed with status code 403 <] "eba" ➜ sendResolveSticker()
2024.010.27 21.46.24: ERROR - [> Erro ao converter image em sticker, tente novamente. <] "eba" ➜ !sticker: quotedMsg
2024.010.27 21.46.46: INFO - [log] ➜ Vinícius Bruno 🤓 Solicitou o arquivo de log...
2024.010.27 21.46.52: INFO - [log] ➜ Maryana Lauriano gerou uma figurinha com imagem...
2024.010.27 21.51.00: INFO - [log] ➜ Vinícius Bruno 🤓 gerou uma figurinha com imagem...
2024.010.28 14.03.53: INFO - [log] ➜ ~ gerou uma figurinha com imagem...
2024.010.28 21.04.32: INFO - [log] ➜ José Marcio gerou uma figurinha com imagem...
2024.010.28 22.48.33: INFO - [log] ➜ ~ gerou uma figurinha com imagem...
2024.010.29 11.43.10: INFO - [log] ➜ Luiz Eduardo gerou uma figurinha com imagem...
2024.010.29 21.11.26: INFO - [log] ➜ Vinícius Bruno 🤓 gerou uma figurinha com imagem...
2024.010.29 21.36.04: INFO - [log] ➜ ~ gerou uma figurinha com imagem...
2024.010.30 12.14.27: INFO - [log] ➜ ~ gerou uma figurinha com imagem...
2024.010.30 15.47.47: INFO - [log] ➜ Vinícius Bruno 🤓 gerou uma figurinha com imagem...
2024.010.30 15.50.18: INFO - [log] ➜ deivid Patrick bloqueado da DM...
2024.010.30 15.51.29: INFO - [log] ➜ Lucas Martins gerou uma figurinha com imagem...
2024.010.30 15.52.10: INFO - [log] ➜ Lucas Martins gerou uma figurinha com imagem...
2024.010.30 16.00.31: INFO - [log] ➜ Luiz Eduardo gerou uma figurinha com imagem...
2024.010.30 16.31.45: INFO - [log] ➜ Luiz Eduardo gerou uma figurinha com imagem...
2024.010.30 18.05.48: INFO - [log] ➜ Luiz Eduardo gerou uma figurinha com imagem...
2024.010.30 18.42.03: INFO - [log] ➜ José Marcio gerou uma figurinha com imagem...
2024.010.30 19.16.08: INFO - [log] ➜ deivid Patrick gerou uma figurinha com imagem...
2024.010.30 22.45.32: INFO - [log] ➜ Vinícius Bruno 🤓 gerou uma figurinha com imagem...
2024.010.31 08.33.38: INFO - [log] ➜ Carlos Henrique gerou uma figurinha com imagem...
2024.010.31 10.28.37: INFO - [log] ➜ ~ gerou uma figurinha com imagem...
2024.010.31 12.11.33: INFO - [log] ➜ deivid Patrick gerou uma figurinha com imagem...
2024.010.31 12.25.26: INFO - [log] ➜ Fabs gerou uma figurinha com imagem...
2024.11.01 15.25.14: INFO - [log] ➜ Luiz Eduardo gerou uma figurinha com imagem...
2024.11.01 21.25.43: INFO - [log] ➜ Pablo Macedo gerou uma figurinha com imagem...
2024.11.02 16.06.00: INFO - [log] ➜ ~ gerou uma figurinha com imagem...
2024.11.03 20.55.06: INFO - [log] ➜ Thonny Jackson🥋 gerou uma figurinha com vídeo...
2024.11.04 07.52.13: INFO - [log] ➜ eu, Guilherme gerou uma figurinha com imagem...
2024.11.04 12.15.10: INFO - [log] ➜ ~ gerou uma figurinha com imagem...
2024.11.05 08.38.55: INFO - [log] ➜ ~ gerou uma figurinha com imagem...
2024.11.05 12.47.26: INFO - [log] ➜ Vinícius Bruno 🤓 gerou uma figurinha com imagem...
2024.11.05 18.59.12: INFO - [log] ➜ ~ gerou uma figurinha com imagem...
2024.11.05 22.01.24: INFO - [log] ➜ Maryana Lauriano gerou uma figurinha com imagem...
2024.11.05 22.03.07: INFO - [log] ➜ Maryana Lauriano gerou uma figurinha com imagem...
2024.11.06 19.28.16: INFO - [log] ➜ ~ gerou uma figurinha com imagem...
2024.11.06 22.58.20: INFO - [log] ➜ ~ gerou uma figurinha com imagem...
2024.11.07 12.52.53: INFO - [log] ➜ Lucas gerou uma figurinha com video...
2024.11.07 16.46.32: INFO - [log] ➜ Luiz Eduardo gerou uma figurinha com imagem...
2024.11.07 16.54.44: INFO - [log] ➜ eu, Guilherme gerou uma figurinha com imagem...
2024.11.08 09.45.43: INFO - [log] ➜ ~ gerou uma figurinha com imagem...
2024.11.08 15.34.07: INFO - [log] ➜ ~ gerou uma figurinha com imagem...
2024.11.09 09.37.42: INFO - [log] ➜ Vinícius Bruno 🤓 Marcou todos do grupo...
2024.11.09 19.21.03: INFO - [log] ➜ Lucas gerou uma figurinha com vídeo...
2024.11.09 19.21.03: INFO - [log] ➜ Lucas gerou uma figurinha com vídeo...
2024.11.09 21.28.45: INFO - [log] ➜ Thonny Jackson🥋 gerou uma figurinha com imagem...
2024.11.10 13.29.34: INFO - [log] ➜ Vinícius Bruno 🤓 gerou uma figurinha com imagem...
2024.11.10 17.52.03: INFO - [log] ➜ Wláder Nunes gerou uma figurinha com video...
2024.11.10 19.11.14: INFO - [log] ➜ Wláder Nunes gerou uma figurinha com imagem...
2024.11.10 19.13.57: INFO - [log] ➜ Wláder Nunes gerou uma figurinha com imagem...
2024.11.10 19.17.12: INFO - [log] ➜ Wláder Nunes gerou uma figurinha com imagem...
2024.11.10 22.34.35: ERROR - [> TypeError: (b || "").trim is not a function
https://static.whatsapp.net/rsrc.php/v3ijvb4/yK/l/rt/pdj6epYvw90.js:1340:1240
Generator.next (<anonymous>)
h (https://static.whatsapp.net/rsrc.php/v3iWBv4/ya/l/rt/UeULhKSC7uw-2qMHaD6KLU2RSfFSjWLjPlekbaoqRhZLvsWqehdEtWw.js:185:125)
g (https://static.whatsapp.net/rsrc.php/v3iWBv4/ya/l/rt/UeULhKSC7uw-2qMHaD6KLU2RSfFSjWLjPlekbaoqRhZLvsWqehdEtWw.js:185:349) <] "Loucos Por futebol ⚽" ➜ !sticker: quotedMsg 2
2024.11.11 16.10.20: INFO - [log] ➜ ~ gerou uma figurinha com imagem...
2024.11.12 13.15.53: INFO - [log] ➜ Pablo Macedo gerou uma figurinha com imagem...
2024.11.12 19.34.37: INFO - [log] ➜ Vinícius Bruno 🤓 Mudou a flag para enabled...
2024.11.12 19.35.47: INFO - [log] ➜ Vinícius Bruno 🤓 Mudou a flag para disabled...
2024.11.12 22.50.46: INFO - [log] ➜ ~ gerou uma figurinha com imagem...
2024.11.12 23.00.26: INFO - [log] ➜ Henrique Lemos gerou uma figurinha com imagem...
2024.11.12 23.08.21: INFO - [log] ➜ Vinícius Bruno 🤓 gerou uma figurinha com imagem...
2024.11.12 23.15.31: INFO - [log] ➜ Vinícius Bruno 🤓 gerou uma figurinha com imagem...
2024.11.12 23.16.40: INFO - [log] ➜ ~ gerou uma figurinha com imagem...
2024.11.13 12.07.51: INFO - [log] ➜ Wláder Nunes gerou uma figurinha com vídeo...
2024.11.14 10.05.47: INFO - [log] ➜ eu, Guilherme gerou uma figurinha com imagem...
2024.11.14 13.40.59: INFO - [log] ➜ Fabs gerou uma figurinha com imagem...
2024.11.14 13.41.58: INFO - [log] ➜ ~ gerou uma figurinha com imagem...
2024.11.14 22.04.14: INFO - [log] ➜ Maryana Lauriano gerou uma figurinha com imagem...
2024.11.16 15.14.11: ERROR - [> TypeError: Cannot read properties of undefined (reading 'type') <] "lol haters 45: os maridos de Cego" ➜ !sticker: quotedMsg 2
2024.11.16 15.14.36: INFO - [log] ➜ kadmielhellio gerou uma figurinha com imagem...
2024.11.17 13.50.28: INFO - [log] ➜ Luiz Eduardo gerou uma figurinha com imagem...
2024.11.17 18.33.10: INFO - [log] ➜ Luiz Eduardo gerou uma figurinha com imagem...
2024.11.17 20.57.30: INFO - [log] ➜ Maryana Lauriano gerou uma figurinha com imagem...
2024.11.17 23.40.42: INFO - [log] ➜ Vinícius Bruno 🤓 gerou uma figurinha com imagem...
2024.11.18 00.17.26: INFO - [log] ➜ Miguel gerou uma figurinha com imagem...
2024.11.18 02.45.06: INFO - [log] ➜ eu, Guilherme gerou uma figurinha com imagem...
2024.11.19 09.56.30: INFO - [log] ➜ José Marcio gerou uma figurinha com imagem...
2024.11.19 18.48.45: INFO - [log] ➜ Vinícius Bruno 🤓 gerou uma figurinha com imagem...
[object Promise]: ERROR - [> Error: Language not supported: ad <] "Tech" ➜ sendVoice()
2024.11.19 21.00.54: INFO - [log] ➜ Max Gerou um audio-voice...
[object Promise]: ERROR - [> Error: Language not supported: co <] "Tech" ➜ sendVoice()
2024.11.19 21.05.18: INFO - [log] ➜ Luis Gerou um audio-voice...
2024.11.19 21.20.43: INFO - [log] ➜ Vinícius Bruno 🤓 Solicitou o arquivo de log...
[object Promise]: ERROR - [> b: b <] "Tech" ➜ setPhotoGroup()
2024.11.19 21.23.07: INFO - [log] ➜ Vinícius Bruno 🤓 Mudou a imagem do grupo...
2024.11.19 21.23.37: INFO - [log] ➜ Vinícius Bruno 🤓 Solicitou o arquivo de log...
2024.11.20 00.20.57: INFO - [log] ➜ ~ gerou uma figurinha com imagem...
2024.11.20 00.26.23: INFO - [log] ➜ Vinícius Bruno 🤓 gerou uma figurinha com imagem...
2024.11.20 15.20.25: INFO - [log] ➜ Cauã Ferreira 👾 gerou uma figurinha com imagem...
2024.11.20 16.49.41: INFO - [log] ➜ Miguel bloqueado da DM...
2024.11.20 16.49.58: INFO - [log] ➜ ~ bloqueado da DM...
2024.11.20 16.50.09: INFO - [log] ➜ Kaio Bruno bloqueado da DM...
2024.11.20 16.54.05: INFO - [log] ➜ Pablo Macedo bloqueado da DM...
2024.11.20 17.14.40: INFO - [log] ➜ Fabs bloqueado da DM...
2024.11.20 17.14.40: INFO - [log] ➜ Gustavo 💙 bloqueado da DM...
2024.11.20 17.19.36: INFO - [log] ➜ Alesson Ott bloqueado da DM...
